# JRE version: OpenJDK Runtime Environment Temurin-17.0.7+7 (17.0.7+7) (build 17.0.7+7)
# Java VM: OpenJDK 64-Bit Server VM Temurin-17.0.7+7 (17.0.7+7, mixed mode, tiered, compressed oops, compressed class ptrs, g1 gc, windows-amd64)
GC Precious Log:
 CPUs: 4 total, 4 available
 Memory: 4043M
 Large Page Support: Disabled
 NUMA Support: Disabled
 Compressed Oops: Enabled (32-bit)
 Heap Region Size: 1M
 Heap Min Capacity: 8M
 Heap Initial Capacity: 64M
 Heap Max Capacity: 1012M
 Pre-touch: Disabled
 Parallel Workers: 4
 Concurrent Workers: 1
 Concurrent Refinement Workers: 4
 Periodic GC: Disabled
Heap:
 garbage-first heap   total 89088K, used 26669K [0x00000000c0c00000, 0x0000000100000000)
  region size 1024K, 6 young (6144K), 1 survivors (1024K)
 Metaspace       used 21993K, committed 22208K, reserved 1114112K
  class space    used 2187K, committed 2304K, reserved 1048576K
GC Heap History (20 events):
Event: 152.657 GC heap before
{Heap before GC invocations=13 (full 0):
 garbage-first heap   total 137216K, used 73490K [0x00000000c0c00000, 0x0000000100000000)
  region size 1024K, 37 young (37888K), 2 survivors (2048K)
 Metaspace       used 21986K, committed 22208K, reserved 1114112K
  class space    used 2187K, committed 2304K, reserved 1048576K
}
Event: 152.684 GC heap after
{Heap after GC invocations=14 (full 0):
 garbage-first heap   total 137216K, used 40718K [0x00000000c0c00000, 0x0000000100000000)
  region size 1024K, 5 young (5120K), 5 survivors (5120K)
 Metaspace       used 21986K, committed 22208K, reserved 1114112K
  class space    used 2187K, committed 2304K, reserved 1048576K
}
Event: 152.715 GC heap before
{Heap before GC invocations=14 (full 0):
 garbage-first heap   total 137216K, used 41742K [0x00000000c0c00000, 0x0000000100000000)
  region size 1024K, 6 young (6144K), 5 survivors (5120K)
 Metaspace       used 21990K, committed 22208K, reserved 1114112K
  class space    used 2187K, committed 2304K, reserved 1048576K
}
Event: 152.734 GC heap after
{Heap after GC invocations=15 (full 0):
 garbage-first heap   total 137216K, used 40587K [0x00000000c0c00000, 0x0000000100000000)
  region size 1024K, 1 young (1024K), 1 survivors (1024K)
 Metaspace       used 21990K, committed 22208K, reserved 1114112K
  class space    used 2187K, committed 2304K, reserved 1048576K
}
Event: 153.619 GC heap before
{Heap before GC invocations=15 (full 0):
 garbage-first heap   total 137216K, used 79499K [0x00000000c0c00000, 0x0000000100000000)
  region size 1024K, 39 young (39936K), 1 survivors (1024K)
 Metaspace       used 21993K, committed 22208K, reserved 1114112K
  class space    used 2187K, committed 2304K, reserved 1048576K
}
Event: 153.620 GC heap after
{Heap after GC invocations=16 (full 0):
 garbage-first heap   total 137216K, used 40002K [0x00000000c0c00000, 0x0000000100000000)
  region size 1024K, 1 young (1024K), 1 survivors (1024K)
 Metaspace       used 21993K, committed 22208K, reserved 1114112K
  class space    used 2187K, committed 2304K, reserved 1048576K
}
Event: 154.723 GC heap before
{Heap before GC invocations=16 (full 0):
 garbage-first heap   total 137216K, used 96322K [0x00000000c0c00000, 0x0000000100000000)
  region size 1024K, 56 young (57344K), 1 survivors (1024K)
 Metaspace       used 21993K, committed 22208K, reserved 1114112K
  class space    used 2187K, committed 2304K, reserved 1048576K
}
Event: 154.725 GC heap after
{Heap after GC invocations=17 (full 0):
 garbage-first heap   total 137216K, used 39840K [0x00000000c0c00000, 0x0000000100000000)
  region size 1024K, 1 young (1024K), 1 survivors (1024K)
 Metaspace       used 21993K, committed 22208K, reserved 1114112K
  class space    used 2187K, committed 2304K, reserved 1048576K
}
Event: 155.706 GC heap before
{Heap before GC invocations=18 (full 0):
 garbage-first heap   total 102400K, used 88206K [0x00000000c0c00000, 0x0000000100000000)
  region size 1024K, 62 young (63488K), 1 survivors (1024K)
 Metaspace       used 21993K, committed 22208K, reserved 1114112K
  class space    used 2187K, committed 2304K, reserved 1048576K
}
Event: 155.707 GC heap after
{Heap after GC invocations=19 (full 0):
 garbage-first heap   total 102400K, used 25722K [0x00000000c0c00000, 0x0000000100000000)
  region size 1024K, 1 young (1024K), 1 survivors (1024K)
 Metaspace       used 21993K, committed 22208K, reserved 1114112K
  class space    used 2187K, committed 2304K, reserved 1048576K
}
Event: 155.786 GC heap before
{Heap before GC invocations=19 (full 0):
 garbage-first heap   total 102400K, used 29818K [0x00000000c0c00000, 0x0000000100000000)
  region size 1024K, 5 young (5120K), 1 survivors (1024K)
 Metaspace       used 21993K, committed 22208K, reserved 1114112K
  class space    used 2187K, committed 2304K, reserved 1048576K
}
Event: 155.788 GC heap after
{Heap after GC invocations=20 (full 0):
 garbage-first heap   total 102400K, used 22581K [0x00000000c0c00000, 0x0000000100000000)
  region size 1024K, 1 young (1024K), 1 survivors (1024K)
 Metaspace       used 21993K, committed 22208K, reserved 1114112K
  class space    used 2187K, committed 2304K, reserved 1048576K
}
Event: 156.509 GC heap before
{Heap before GC invocations=20 (full 0):
 garbage-first heap   total 102400K, used 75829K [0x00000000c0c00000, 0x0000000100000000)
  region size 1024K, 53 young (54272K), 1 survivors (1024K)
 Metaspace       used 21993K, committed 22208K, reserved 1114112K
  class space    used 2187K, committed 2304K, reserved 1048576K
}
Event: 156.511 GC heap after
{Heap after GC invocations=21 (full 0):
 garbage-first heap   total 102400K, used 22587K [0x00000000c0c00000, 0x0000000100000000)
  region size 1024K, 1 young (1024K), 1 survivors (1024K)
 Metaspace       used 21993K, committed 22208K, reserved 1114112K
  class space    used 2187K, committed 2304K, reserved 1048576K
}
Event: 157.257 GC heap before
{Heap before GC invocations=22 (full 0):
 garbage-first heap   total 96256K, used 78907K [0x00000000c0c00000, 0x0000000100000000)
  region size 1024K, 56 young (57344K), 1 survivors (1024K)
 Metaspace       used 21993K, committed 22208K, reserved 1114112K
  class space    used 2187K, committed 2304K, reserved 1048576K
}
Event: 157.258 GC heap after
{Heap after GC invocations=23 (full 0):
 garbage-first heap   total 96256K, used 22592K [0x00000000c0c00000, 0x0000000100000000)
  region size 1024K, 1 young (1024K), 1 survivors (1024K)
 Metaspace       used 21993K, committed 22208K, reserved 1114112K
  class space    used 2187K, committed 2304K, reserved 1048576K
}
Event: 157.298 GC heap before
{Heap before GC invocations=23 (full 0):
 garbage-first heap   total 96256K, used 25664K [0x00000000c0c00000, 0x0000000100000000)
  region size 1024K, 4 young (4096K), 1 survivors (1024K)
 Metaspace       used 21993K, committed 22208K, reserved 1114112K
  class space    used 2187K, committed 2304K, reserved 1048576K
}
Event: 157.300 GC heap after
{Heap after GC invocations=24 (full 0):
 garbage-first heap   total 96256K, used 22590K [0x00000000c0c00000, 0x0000000100000000)
  region size 1024K, 1 young (1024K), 1 survivors (1024K)
 Metaspace       used 21993K, committed 22208K, reserved 1114112K
  class space    used 2187K, committed 2304K, reserved 1048576K
}
Event: 157.955 GC heap before
{Heap before GC invocations=24 (full 0):
 garbage-first heap   total 96256K, used 75838K [0x00000000c0c00000, 0x0000000100000000)
  region size 1024K, 53 young (54272K), 1 survivors (1024K)
 Metaspace       used 21993K, committed 22208K, reserved 1114112K
  class space    used 2187K, committed 2304K, reserved 1048576K
}
Event: 157.958 GC heap after
{Heap after GC invocations=25 (full 0):
 garbage-first heap   total 192512K, used 22573K [0x00000000c0c00000, 0x0000000100000000)
  region size 1024K, 1 young (1024K), 1 survivors (1024K)
 Metaspace       used 21993K, committed 22208K, reserved 1114112K
  class space    used 2187K, committed 2304K, reserved 1048576K
}

